2024-03-26 14:54:38,076 CRIT Supervisor is running as root.  Privileges were not dropped because no user is specified in the config file.  If you intend to run as root, you can set user=root in the config file to avoid this message.
2024-03-26 14:54:38,076 WARN For [program:laravel-worker], redirect_stderr=true but stderr_logfile has also been set to a filename, the filename has been ignored
2024-03-26 14:54:38,076 WARN For [program:laravel-worker], redirect_stderr=true but stderr_logfile has also been set to a filename, the filename has been ignored
2024-03-26 14:54:38,076 WARN For [program:laravel-worker], redirect_stderr=true but stderr_logfile has also been set to a filename, the filename has been ignored
2024-03-26 14:54:38,079 INFO supervisord started with pid 1
2024-03-26 14:54:39,082 INFO spawned: 'cron' with pid 7
2024-03-26 14:54:39,092 INFO spawned: 'laravel-worker_00' with pid 8
2024-03-26 14:54:39,095 INFO spawned: 'laravel-worker_01' with pid 9
2024-03-26 14:54:39,115 INFO spawned: 'laravel-worker_02' with pid 10
2024-03-26 14:54:39,118 INFO spawned: 'nginx' with pid 11
2024-03-26 14:54:39,128 INFO spawned: 'php-fpm' with pid 12
2024-03-26 14:54:39,834 INFO exited: laravel-worker_02 (exit status 1; not expected)
2024-03-26 14:54:39,836 INFO exited: laravel-worker_01 (exit status 1; not expected)
2024-03-26 14:54:39,848 INFO exited: laravel-worker_00 (exit status 1; not expected)
2024-03-26 14:54:40,850 INFO success: cron entered RUNNING state, process has stayed up for > than 1 seconds (startsecs)
2024-03-26 14:54:40,852 INFO spawned: 'laravel-worker_00' with pid 28
2024-03-26 14:54:40,855 INFO spawned: 'laravel-worker_01' with pid 29
2024-03-26 14:54:40,858 INFO spawned: 'laravel-worker_02' with pid 30
2024-03-26 14:54:40,859 INFO success: nginx entered RUNNING state, process has stayed up for > than 1 seconds (startsecs)
2024-03-26 14:54:40,859 INFO success: php-fpm entered RUNNING state, process has stayed up for > than 1 seconds (startsecs)
2024-03-26 14:54:41,737 INFO exited: laravel-worker_01 (exit status 1; not expected)
2024-03-26 14:54:41,850 INFO success: laravel-worker_00 entered RUNNING state, process has stayed up for > than 1 seconds (startsecs)
2024-03-26 14:54:41,850 INFO exited: laravel-worker_02 (exit status 1; not expected)
2024-03-26 14:54:41,879 INFO exited: laravel-worker_00 (exit status 1; not expected)
2024-03-26 14:54:42,882 INFO spawned: 'laravel-worker_00' with pid 40
2024-03-26 14:54:44,536 INFO success: laravel-worker_00 entered RUNNING state, process has stayed up for > than 1 seconds (startsecs)
2024-03-26 14:54:44,538 INFO spawned: 'laravel-worker_01' with pid 44
2024-03-26 14:54:44,541 INFO spawned: 'laravel-worker_02' with pid 45
2024-03-26 14:54:44,542 INFO exited: laravel-worker_00 (exit status 1; not expected)
2024-03-26 14:54:45,096 INFO spawned: 'laravel-worker_00' with pid 52
2024-03-26 14:54:45,182 INFO exited: laravel-worker_01 (exit status 1; not expected)
2024-03-26 14:54:45,659 INFO success: laravel-worker_02 entered RUNNING state, process has stayed up for > than 1 seconds (startsecs)
2024-03-26 14:54:45,659 INFO exited: laravel-worker_02 (exit status 1; not expected)
2024-03-26 14:54:45,661 INFO spawned: 'laravel-worker_02' with pid 56
2024-03-26 14:54:45,683 INFO exited: laravel-worker_00 (exit status 1; not expected)
2024-03-26 14:54:46,167 INFO exited: laravel-worker_02 (exit status 1; not expected)
2024-03-26 14:54:47,170 INFO spawned: 'laravel-worker_00' with pid 60
2024-03-26 14:54:47,173 INFO spawned: 'laravel-worker_02' with pid 61
2024-03-26 14:54:47,768 INFO exited: laravel-worker_00 (exit status 1; not expected)
2024-03-26 14:54:47,787 INFO exited: laravel-worker_02 (exit status 1; not expected)
2024-03-26 14:54:48,791 INFO spawned: 'laravel-worker_01' with pid 68
2024-03-26 14:54:49,283 INFO exited: laravel-worker_01 (exit status 1; not expected)
2024-03-26 14:54:50,286 INFO spawned: 'laravel-worker_00' with pid 72
2024-03-26 14:54:50,287 INFO gave up: laravel-worker_01 entered FATAL state, too many start retries too quickly
2024-03-26 14:54:50,289 INFO spawned: 'laravel-worker_02' with pid 73
2024-03-26 14:54:50,880 INFO exited: laravel-worker_02 (exit status 1; not expected)
2024-03-26 14:54:50,895 INFO exited: laravel-worker_00 (exit status 1; not expected)
2024-03-26 14:54:53,901 INFO spawned: 'laravel-worker_00' with pid 80
2024-03-26 14:54:53,904 INFO spawned: 'laravel-worker_02' with pid 81
2024-03-26 14:54:54,488 INFO exited: laravel-worker_00 (exit status 1; not expected)
2024-03-26 14:54:54,489 INFO exited: laravel-worker_02 (exit status 1; not expected)
2024-03-26 14:54:55,490 INFO gave up: laravel-worker_00 entered FATAL state, too many start retries too quickly
2024-03-26 14:54:55,490 INFO gave up: laravel-worker_02 entered FATAL state, too many start retries too quickly
2024-03-26 14:55:40,533 WARN received SIGQUIT indicating exit request
2024-03-26 14:55:40,534 INFO waiting for cron, nginx, php-fpm to die
2024-03-26 14:55:40,542 INFO stopped: php-fpm (exit status 0)
2024-03-26 14:55:40,587 INFO stopped: nginx (exit status 0)
2024-03-26 14:55:41,589 INFO stopped: cron (terminated by SIGTERM)
2024-03-26 14:55:43,243 CRIT Supervisor is running as root.  Privileges were not dropped because no user is specified in the config file.  If you intend to run as root, you can set user=root in the config file to avoid this message.
2024-03-26 14:55:43,244 WARN For [program:laravel-worker], redirect_stderr=true but stderr_logfile has also been set to a filename, the filename has been ignored
2024-03-26 14:55:43,245 WARN For [program:laravel-worker], redirect_stderr=true but stderr_logfile has also been set to a filename, the filename has been ignored
2024-03-26 14:55:43,245 WARN For [program:laravel-worker], redirect_stderr=true but stderr_logfile has also been set to a filename, the filename has been ignored
2024-03-26 14:55:43,252 INFO supervisord started with pid 1
2024-03-26 14:55:44,255 INFO spawned: 'cron' with pid 6
2024-03-26 14:55:44,258 INFO spawned: 'laravel-worker_00' with pid 7
2024-03-26 14:55:44,261 INFO spawned: 'laravel-worker_01' with pid 8
2024-03-26 14:55:44,269 INFO spawned: 'laravel-worker_02' with pid 9
2024-03-26 14:55:44,272 INFO spawned: 'nginx' with pid 10
2024-03-26 14:55:44,274 INFO spawned: 'php-fpm' with pid 11
2024-03-26 14:55:44,842 INFO exited: laravel-worker_02 (exit status 1; not expected)
2024-03-26 14:55:44,847 INFO exited: laravel-worker_00 (exit status 1; not expected)
2024-03-26 14:55:44,921 INFO exited: laravel-worker_01 (exit status 1; not expected)
2024-03-26 14:55:45,923 INFO success: cron entered RUNNING state, process has stayed up for > than 1 seconds (startsecs)
2024-03-26 14:55:45,925 INFO spawned: 'laravel-worker_00' with pid 27
2024-03-26 14:55:45,928 INFO spawned: 'laravel-worker_01' with pid 28
2024-03-26 14:55:45,931 INFO spawned: 'laravel-worker_02' with pid 29
2024-03-26 14:55:45,932 INFO success: nginx entered RUNNING state, process has stayed up for > than 1 seconds (startsecs)
2024-03-26 14:55:45,932 INFO success: php-fpm entered RUNNING state, process has stayed up for > than 1 seconds (startsecs)
2024-03-26 14:55:46,606 INFO exited: laravel-worker_00 (exit status 1; not expected)
2024-03-26 14:55:46,608 INFO exited: laravel-worker_02 (exit status 1; not expected)
2024-03-26 14:55:46,621 INFO exited: laravel-worker_01 (exit status 1; not expected)
2024-03-26 14:55:48,624 INFO spawned: 'laravel-worker_00' with pid 39
2024-03-26 14:55:48,628 INFO spawned: 'laravel-worker_01' with pid 40
2024-03-26 14:55:48,631 INFO spawned: 'laravel-worker_02' with pid 41
2024-03-26 14:55:49,233 INFO exited: laravel-worker_00 (exit status 1; not expected)
2024-03-26 14:55:49,256 INFO exited: laravel-worker_02 (exit status 1; not expected)
2024-03-26 14:55:49,277 INFO exited: laravel-worker_01 (exit status 1; not expected)
2024-03-26 14:55:52,282 INFO spawned: 'laravel-worker_00' with pid 51
2024-03-26 14:55:52,284 INFO spawned: 'laravel-worker_01' with pid 52
2024-03-26 14:55:52,287 INFO spawned: 'laravel-worker_02' with pid 53
2024-03-26 14:55:52,869 INFO exited: laravel-worker_01 (exit status 1; not expected)
2024-03-26 14:55:52,874 INFO gave up: laravel-worker_01 entered FATAL state, too many start retries too quickly
2024-03-26 14:55:52,892 INFO exited: laravel-worker_00 (exit status 1; not expected)
2024-03-26 14:55:52,901 INFO gave up: laravel-worker_00 entered FATAL state, too many start retries too quickly
2024-03-26 14:55:52,901 INFO exited: laravel-worker_02 (exit status 1; not expected)
2024-03-26 14:55:53,902 INFO gave up: laravel-worker_02 entered FATAL state, too many start retries too quickly
2024-03-26 14:56:07,915 WARN received SIGQUIT indicating exit request
2024-03-26 14:56:07,915 INFO waiting for cron, nginx, php-fpm to die
2024-03-26 14:56:07,927 INFO stopped: php-fpm (exit status 0)
2024-03-26 14:56:07,979 INFO stopped: nginx (exit status 0)
2024-03-26 14:56:08,981 INFO stopped: cron (terminated by SIGTERM)
2024-03-26 14:56:10,580 CRIT Supervisor is running as root.  Privileges were not dropped because no user is specified in the config file.  If you intend to run as root, you can set user=root in the config file to avoid this message.
2024-03-26 14:56:10,581 WARN For [program:laravel-worker], redirect_stderr=true but stderr_logfile has also been set to a filename, the filename has been ignored
2024-03-26 14:56:10,581 WARN For [program:laravel-worker], redirect_stderr=true but stderr_logfile has also been set to a filename, the filename has been ignored
2024-03-26 14:56:10,581 WARN For [program:laravel-worker], redirect_stderr=true but stderr_logfile has also been set to a filename, the filename has been ignored
2024-03-26 14:56:10,583 INFO supervisord started with pid 1
2024-03-26 14:56:11,586 INFO spawned: 'cron' with pid 6
2024-03-26 14:56:11,589 INFO spawned: 'laravel-worker_00' with pid 7
2024-03-26 14:56:11,592 INFO spawned: 'laravel-worker_01' with pid 8
2024-03-26 14:56:11,597 INFO spawned: 'laravel-worker_02' with pid 9
2024-03-26 14:56:11,610 INFO spawned: 'nginx' with pid 10
2024-03-26 14:56:11,618 INFO spawned: 'php-fpm' with pid 11
2024-03-26 14:56:12,223 INFO exited: laravel-worker_02 (exit status 1; not expected)
2024-03-26 14:56:12,262 INFO exited: laravel-worker_00 (exit status 1; not expected)
2024-03-26 14:56:13,263 INFO success: cron entered RUNNING state, process has stayed up for > than 1 seconds (startsecs)
2024-03-26 14:56:13,266 INFO spawned: 'laravel-worker_00' with pid 27
2024-03-26 14:56:13,266 INFO success: laravel-worker_01 entered RUNNING state, process has stayed up for > than 1 seconds (startsecs)
2024-03-26 14:56:13,269 INFO spawned: 'laravel-worker_02' with pid 28
2024-03-26 14:56:13,270 INFO success: nginx entered RUNNING state, process has stayed up for > than 1 seconds (startsecs)
2024-03-26 14:56:13,270 INFO success: php-fpm entered RUNNING state, process has stayed up for > than 1 seconds (startsecs)
2024-03-26 14:56:13,270 INFO exited: laravel-worker_01 (exit status 1; not expected)
2024-03-26 14:56:13,929 INFO spawned: 'laravel-worker_01' with pid 35
2024-03-26 14:56:13,992 INFO exited: laravel-worker_00 (exit status 1; not expected)
2024-03-26 14:56:14,019 INFO exited: laravel-worker_02 (exit status 1; not expected)
2024-03-26 14:56:15,522 INFO success: laravel-worker_01 entered RUNNING state, process has stayed up for > than 1 seconds (startsecs)
2024-03-26 14:56:15,522 INFO exited: laravel-worker_01 (exit status 1; not expected)
2024-03-26 14:56:16,525 INFO spawned: 'laravel-worker_00' with pid 39
2024-03-26 14:56:16,528 INFO spawned: 'laravel-worker_01' with pid 40
2024-03-26 14:56:16,531 INFO spawned: 'laravel-worker_02' with pid 41
2024-03-26 14:56:17,260 INFO exited: laravel-worker_02 (exit status 1; not expected)
2024-03-26 14:56:17,298 INFO exited: laravel-worker_01 (exit status 1; not expected)
2024-03-26 14:56:17,304 INFO exited: laravel-worker_00 (exit status 1; not expected)
2024-03-26 14:56:18,307 INFO spawned: 'laravel-worker_01' with pid 51
2024-03-26 14:56:18,916 INFO exited: laravel-worker_01 (exit status 1; not expected)
2024-03-26 14:56:20,919 INFO spawned: 'laravel-worker_00' with pid 55
2024-03-26 14:56:20,922 INFO spawned: 'laravel-worker_01' with pid 56
2024-03-26 14:56:20,925 INFO spawned: 'laravel-worker_02' with pid 57
2024-03-26 14:56:21,519 INFO exited: laravel-worker_02 (exit status 1; not expected)
2024-03-26 14:56:21,525 INFO gave up: laravel-worker_02 entered FATAL state, too many start retries too quickly
2024-03-26 14:56:21,544 INFO exited: laravel-worker_01 (exit status 1; not expected)
2024-03-26 14:56:21,562 INFO exited: laravel-worker_00 (exit status 1; not expected)
2024-03-26 14:56:22,564 INFO gave up: laravel-worker_00 entered FATAL state, too many start retries too quickly
2024-03-26 14:56:24,567 INFO spawned: 'laravel-worker_01' with pid 67
2024-03-26 14:56:25,052 INFO exited: laravel-worker_01 (exit status 1; not expected)
2024-03-26 14:56:26,054 INFO gave up: laravel-worker_01 entered FATAL state, too many start retries too quickly
